<?xml version="1.0" encoding="UTF-8"?>
<!-- Generated by org.testng.reporters.JUnitReportReporter -->
<testsuite hostname="DESKTOP-5BKKI8L" failures="0" tests="3" name="com.allianz.test.ZDemoTest" time="0.054" errors="0" timestamp="2024-04-15T23:43:48 PDT" skipped="0">
  <testcase classname="com.allianz.test.ZDemoTest" name="data" time="0.019"/>
  <testcase classname="com.allianz.test.ZDemoTest" name="data" time="0.015"/>
  <testcase classname="com.allianz.test.ZDemoTest" name="data" time="0.020"/>
</testsuite> <!-- com.allianz.test.ZDemoTest -->
