<?xml version="1.0" encoding="UTF-8"?>
<!-- Generated by org.testng.reporters.JUnitReportReporter -->
<testsuite hostname="DESKTOP-5BKKI8L" failures="0" tests="2" name="com.allianz.test.LoginTest" time="34.361" errors="0" timestamp="2024-04-05T03:18:29 PDT" skipped="0">
  <testcase classname="com.allianz.test.LoginTest" name="invalidLoginTest" time="19.433"/>
  <testcase classname="com.allianz.test.LoginTest" name="validLoginTest" time="14.928"/>
</testsuite> <!-- com.allianz.test.LoginTest -->
