<?xml version="1.0" encoding="UTF-8"?>
<!-- Generated by org.testng.reporters.JUnitReportReporter -->
<testsuite hostname="DESKTOP-5BKKI8L" failures="0" tests="2" name="com.allianz.test.LoginUITest" time="27.713" errors="0" timestamp="2024-04-05T01:40:36 PDT" skipped="0">
  <testcase classname="com.allianz.test.LoginUITest" name="titletest" time="17.252"/>
  <testcase classname="com.allianz.test.LoginUITest" name="Applicationdescription" time="10.461"/>
</testsuite> <!-- com.allianz.test.LoginUITest -->
